<?xml version="1.0" encoding="UTF-8"?>
<!-- Generated by org.testng.reporters.JUnitReportReporter -->
<testsuite hostname="DESKTOP-MOK7TM7" failures="0" tests="3" name="testngpkg.CrossBrowserTesting" time="8.996" errors="0" timestamp="2023-09-19T09:26:15 IST" skipped="0">
  <testcase classname="testngpkg.CrossBrowserTesting" name="test" time="4.322"/>
  <system-out/>
  <testcase classname="testngpkg.CrossBrowserTesting" name="test" time="2.312"/>
  <system-out/>
  <testcase classname="testngpkg.CrossBrowserTesting" name="test" time="2.362"/>
  <system-out/>
</testsuite> <!-- testngpkg.CrossBrowserTesting -->
