<?xml version="1.0" encoding="UTF-8"?>
<!-- Generated by org.testng.reporters.JUnitReportReporter -->
<testsuite hostname="DESKTOP-MOK7TM7" failures="0" tests="1" name="testngpkg.Ebay" time="3.767" errors="0" timestamp="2023-09-21T09:43:20 IST" skipped="0">
  <testcase classname="testngpkg.Ebay" name="test" time="3.767"/>
  <system-out/>
</testsuite> <!-- testngpkg.Ebay -->
