<?xml version="1.0" encoding="UTF-8"?>
<!-- Generated by org.testng.reporters.JUnitReportReporter -->
<testsuite hostname="DESKTOP-MOK7TM7" failures="0" tests="2" name="testngpkg.TesngDemo" time="0.011" errors="0" timestamp="2023-09-16T11:03:51 IST" skipped="0">
  <testcase classname="testngpkg.TesngDemo" name="test1" time="0.010"/>
  <system-out/>
  <testcase classname="testngpkg.TesngDemo" name="test2" time="0.001"/>
  <system-out/>
</testsuite> <!-- testngpkg.TesngDemo -->
