<?xml version="1.0" encoding="UTF-8"?>
<!-- Generated by org.testng.reporters.JUnitReportReporter -->
<testsuite hostname="DESKTOP-MOK7TM7" failures="0" tests="1" name="testngpkg.RightandDoubleclick" time="5.263" errors="0" timestamp="2023-09-20T10:32:17 IST" skipped="0">
  <testcase classname="testngpkg.RightandDoubleclick" name="test1" time="5.263"/>
  <system-out/>
</testsuite> <!-- testngpkg.RightandDoubleclick -->
