<?xml version="1.0" encoding="UTF-8"?>
<!-- Generated by org.testng.reporters.JUnitReportReporter -->
<testsuite hostname="DESKTOP-MOK7TM7" failures="0" tests="1" name="testngpkg.Parammeterisation" time="0.018" errors="0" timestamp="2023-09-18T09:26:50 IST" skipped="0">
  <testcase classname="testngpkg.Parammeterisation" name="test" time="0.018"/>
  <system-out/>
</testsuite> <!-- testngpkg.Parammeterisation -->
