<?xml version="1.0" encoding="UTF-8"?>
<!-- Generated by org.testng.reporters.JUnitReportReporter -->
<testsuite hostname="DESKTOP-MOK7TM7" failures="0" tests="1" name="testngpkg.DatadrivenFb" time="1.649" errors="0" timestamp="2023-09-26T09:53:04 IST" skipped="0">
  <testcase classname="testngpkg.DatadrivenFb" name="test" time="1.649"/>
  <system-out/>
</testsuite> <!-- testngpkg.DatadrivenFb -->
