<?xml version="1.0" encoding="UTF-8"?>
<!-- Generated by org.testng.reporters.JUnitReportReporter -->
<testsuite hostname="DESKTOP-MOK7TM7" failures="0" tests="1" name="testngpkg.Copypaste" time="2.769" errors="0" timestamp="2023-09-20T09:24:00 IST" skipped="0">
  <testcase classname="testngpkg.Copypaste" name="test1" time="2.769"/>
  <system-out/>
</testsuite> <!-- testngpkg.Copypaste -->
