<?xml version="1.0" encoding="UTF-8"?>
<!-- Generated by org.testng.reporters.JUnitReportReporter -->
<testsuite hostname="DESKTOP-MOK7TM7" failures="0" tests="1" name="testngpkg.JD" time="2.600" errors="0" timestamp="2023-09-28T10:01:56 IST" skipped="0">
  <testcase classname="testngpkg.JD" name="test" time="2.600"/>
  <system-out/>
</testsuite> <!-- testngpkg.JD -->
