<?xml version="1.0" encoding="UTF-8"?>
<!-- Generated by org.testng.reporters.JUnitReportReporter -->
<testsuite hostname="DESKTOP-MOK7TM7" failures="0" tests="1" name="testngpkg.Fblogin" time="0.518" errors="0" timestamp="2023-09-18T10:24:04 IST" skipped="0">
  <testcase classname="testngpkg.Fblogin" name="fbLogin" time="0.518"/>
  <system-out/>
</testsuite> <!-- testngpkg.Fblogin -->
